100.02.01 16:24 B C:\WINDOWS\Desktop\reflections\case1.html <-- yuma /u/mudd/public_html/exhibit case1.html
100.02.01 16:24 B C:\WINDOWS\Desktop\reflections\case2.html <-- yuma /u/mudd/public_html/exhibit case2.html
100.02.01 16:24 B C:\WINDOWS\Desktop\reflections\case3.html <-- yuma /u/mudd/public_html/exhibit case3.html
100.02.01 16:24 B C:\WINDOWS\Desktop\reflections\case4.html <-- yuma /u/mudd/public_html/exhibit case4.html
100.02.01 16:24 B C:\WINDOWS\Desktop\reflections\case5.html <-- yuma /u/mudd/public_html/exhibit case5.html
100.02.01 16:24 B C:\WINDOWS\Desktop\reflections\case6.html <-- yuma /u/mudd/public_html/exhibit case6.html
100.02.01 16:24 B C:\WINDOWS\Desktop\reflections\ex_1_1_72.GIF <-- yuma /u/mudd/public_html/exhibit ex_1_1_72.GIF
100.02.01 16:24 B C:\WINDOWS\Desktop\reflections\ex_1_2_72.GIF <-- yuma /u/mudd/public_html/exhibit ex_1_2_72.GIF
100.02.01 16:24 B C:\WINDOWS\Desktop\reflections\ex_1_4_72.GIF <-- yuma /u/mudd/public_html/exhibit ex_1_4_72.GIF
100.02.01 16:24 B C:\WINDOWS\Desktop\reflections\ex_1_6_72.GIF <-- yuma /u/mudd/public_html/exhibit ex_1_6_72.GIF
100.02.01 16:24 B C:\WINDOWS\Desktop\reflections\ex_1_7_72.GIF <-- yuma /u/mudd/public_html/exhibit ex_1_7_72.GIF
100.02.01 16:24 B C:\WINDOWS\Desktop\reflections\ex_2_3_72.GIF <-- yuma /u/mudd/public_html/exhibit ex_2_3_72.GIF
100.02.01 16:24 B C:\WINDOWS\Desktop\reflections\ex_3_4_72.GIF <-- yuma /u/mudd/public_html/exhibit ex_3_4_72.GIF
100.02.01 16:24 B C:\WINDOWS\Desktop\reflections\ex_3_7_72.GIF <-- yuma /u/mudd/public_html/exhibit ex_3_7_72.GIF
100.02.01 16:24 B C:\WINDOWS\Desktop\reflections\ex_4_11_72.GIF <-- yuma /u/mudd/public_html/exhibit ex_4_11_72.GIF
100.02.01 16:24 B C:\WINDOWS\Desktop\reflections\ex_4_3_72.GIF <-- yuma /u/mudd/public_html/exhibit ex_4_3_72.GIF
100.02.01 16:24 B C:\WINDOWS\Desktop\reflections\ex_4_4_72.GIF <-- yuma /u/mudd/public_html/exhibit ex_4_4_72.GIF
100.02.01 16:24 B C:\WINDOWS\Desktop\reflections\ex_4_5_72.GIF <-- yuma /u/mudd/public_html/exhibit ex_4_5_72.GIF
100.02.01 16:24 B C:\WINDOWS\Desktop\reflections\ex_4_6_72.GIF <-- yuma /u/mudd/public_html/exhibit ex_4_6_72.GIF
100.02.01 16:24 B C:\WINDOWS\Desktop\reflections\ex_4_7_72.GIF <-- yuma /u/mudd/public_html/exhibit ex_4_7_72.GIF
100.02.01 16:24 B C:\WINDOWS\Desktop\reflections\ex_4_9_72.GIF <-- yuma /u/mudd/public_html/exhibit ex_4_9_72.GIF
100.02.01 16:24 B C:\WINDOWS\Desktop\reflections\ex_5_1_72.GIF <-- yuma /u/mudd/public_html/exhibit ex_5_1_72.GIF
100.02.01 16:24 B C:\WINDOWS\Desktop\reflections\ex_5_3_72.GIF <-- yuma /u/mudd/public_html/exhibit ex_5_3_72.GIF
100.02.01 16:24 B C:\WINDOWS\Desktop\reflections\ex_5_4_72.GIF <-- yuma /u/mudd/public_html/exhibit ex_5_4_72.GIF
100.02.01 16:24 B C:\WINDOWS\Desktop\reflections\ex_5_5_72.GIF <-- yuma /u/mudd/public_html/exhibit ex_5_5_72.GIF
100.02.01 16:24 B C:\WINDOWS\Desktop\reflections\ex_5_6_72.GIF <-- yuma /u/mudd/public_html/exhibit ex_5_6_72.GIF
100.02.01 16:24 B C:\WINDOWS\Desktop\reflections\ex_6_10_72.GIF <-- yuma /u/mudd/public_html/exhibit ex_6_10_72.GIF
100.02.01 16:24 B C:\WINDOWS\Desktop\reflections\ex_6_11_72.GIF <-- yuma /u/mudd/public_html/exhibit ex_6_11_72.GIF
100.02.01 16:24 B C:\WINDOWS\Desktop\reflections\ex_6_1_72.GIF <-- yuma /u/mudd/public_html/exhibit ex_6_1_72.GIF
100.02.01 16:24 B C:\WINDOWS\Desktop\reflections\ex_6_2_72.GIF <-- yuma /u/mudd/public_html/exhibit ex_6_2_72.GIF
100.02.01 16:24 B C:\WINDOWS\Desktop\reflections\ex_6_3_72.GIF <-- yuma /u/mudd/public_html/exhibit ex_6_3_72.GIF
100.02.01 16:24 B C:\WINDOWS\Desktop\reflections\ex_6_4_72.GIF <-- yuma /u/mudd/public_html/exhibit ex_6_4_72.GIF
100.02.01 16:24 B C:\WINDOWS\Desktop\reflections\ex_6_6_72.GIF <-- yuma /u/mudd/public_html/exhibit ex_6_6_72.GIF
100.02.01 16:24 B C:\WINDOWS\Desktop\reflections\ex_6_7_72.GIF <-- yuma /u/mudd/public_html/exhibit ex_6_7_72.GIF
100.02.01 16:24 B C:\WINDOWS\Desktop\reflections\ex_6_9_72.GIF <-- yuma /u/mudd/public_html/exhibit ex_6_9_72.GIF
100.02.01 16:24 B C:\WINDOWS\Desktop\reflections\index.html <-- yuma /u/mudd/public_html/exhibit index.html
100.02.01 16:24 B C:\WINDOWS\Desktop\reflections\Moran1.jpg <-- yuma /u/mudd/public_html/exhibit Moran1.jpg
100.02.01 16:30 B C:\WINDOWS\Desktop\reflections\case1.html --> infoshare1 /home/httpd/html/libraries/firestone/rbsc/mudd/online_ex case1.html
